<?xml version="1.0" encoding="UTF-8"?>
<testsuite xmlns:xsi="http://www.w3.org/2001/XMLSchema-instance" xsi:schemaLocation="https://maven.apache.org/surefire/maven-surefire-plugin/xsd/surefire-test-report.xsd" name="cn.edu.hust.e2e.framework.startup.StartupTest" time="0.016" tests="4" errors="0" skipped="4" failures="0">
  <properties>
[...]
</properties>
  <testcase name="Given the user has launched the JPacman GUI" classname="cn.edu.hust.e2e.framework.startup.StartupTest" time="0">
    <skipped message="&lt;unknown&gt;"/>
    <system-out><![CDATA[@S1 @framework
Feature: Start to play
  As a player
  I want to start the game
  so that I can actually play
]]></system-out>
  </testcase>
  <testcase name="When the user presses the &quot;Start&quot; button" classname="cn.edu.hust.e2e.framework.startup.StartupTest" time="0">
    <skipped message="&lt;unknown&gt;"/>
  </testcase>
  <testcase name="Then the game is running" classname="cn.edu.hust.e2e.framework.startup.StartupTest" time="0">
    <skipped message="&lt;unknown&gt;"/>
  </testcase>
  <testcase name="Scenario: Press start button" classname="cn.edu.hust.e2e.framework.startup.StartupTest" time="0">
    <skipped message="&lt;unknown&gt;"/>
  </testcase>
</testsuite>